<?xml version="1.0" encoding="UTF-8"?>
<testsuite xmlns:xsi="http://www.w3.org/2001/XMLSchema-instance" xsi:noNamespaceSchemaLocation="https://maven.apache.org/surefire/maven-surefire-plugin/xsd/surefire-test-report-3.0.xsd" version="3.0" name="Tests.ValidacionesRegistroTest" time="0.001" tests="6" errors="0" skipped="0" failures="0">
  <properties>
[...]
</properties>
  <testcase name="testContraseñaValida" classname="Tests.ValidacionesRegistroTest" time="0.0"/>
  <testcase name="testNombreValido" classname="Tests.ValidacionesRegistroTest" time="0.0"/>
  <testcase name="testTelefonoValido" classname="Tests.ValidacionesRegistroTest" time="0.0"/>
  <testcase name="testDniValido" classname="Tests.ValidacionesRegistroTest" time="0.0"/>
  <testcase name="testCorreoValido" classname="Tests.ValidacionesRegistroTest" time="0.0"/>
  <testcase name="testApellidoValido" classname="Tests.ValidacionesRegistroTest" time="0.0"/>
</testsuite>